Flutter crash report.
Please report a bug at https://github.com/flutter/flutter/issues.

## command

flutter --quiet assemble --no-version-check --depfile /Users/xitijinfo/Documents/Namra/Xitij-projects/era_shop/build/app/intermediates/flutter/debug/flutter_build.d --output /Users/xitijinfo/Documents/Namra/Xitij-projects/era_shop/build/app/intermediates/flutter/debug -dTargetFile=/Users/xitijinfo/Documents/Namra/Xitij-projects/era_shop/lib/main.dart -dTargetPlatform=android -dBuildMode=debug -dTrackWidgetCreation=true --DartDefines=Zmx1dHRlci5pbnNwZWN0b3Iuc3RydWN0dXJlZEVycm9ycz10cnVl,RkxVVFRFUl9XRUJfQVVUT19ERVRFQ1Q9dHJ1ZQ==,RkxVVFRFUl9XRUJfQ0FOVkFTS0lUX1VSTD1odHRwczovL3d3dy5nc3RhdGljLmNvbS9mbHV0dGVyLWNhbnZhc2tpdC82ZTJlYTU4YTVjY2JlZmNmYWRjMmQ0YjdiODA0NWZjNmMyMGFiODEyLw== debug_android_application

## exception

FileSystemException: FileSystemException: Cannot open file, path = '/Users/xitijinfo/.dart-tool/dart-flutter-telemetry.log' (OS Error: No space left on device, errno = 28)

```
#0      _File.throwIfError (dart:io/file_impl.dart:675:7)
#1      _File.openSync (dart:io/file_impl.dart:490:5)
#2      _File.writeAsBytesSync (dart:io/file_impl.dart:644:31)
#3      _File.writeAsStringSync (dart:io/file_impl.dart:668:5)
#4      ForwardingFile.writeAsStringSync (package:file/src/forwarding/forwarding_file.dart:150:16)
#5      LogHandler.save (package:unified_analytics/src/log_handler.dart:283:15)
#6      AnalyticsImpl.send (package:unified_analytics/src/analytics.dart:608:17)
#7      FlutterCommand.verifyThenRunCommand (package:flutter_tools/src/runner/flutter_command.dart:1684:17)
<asynchronous suspension>
#8      FlutterCommand.run.<anonymous closure> (package:flutter_tools/src/runner/flutter_command.dart:1367:27)
<asynchronous suspension>
#9      AppContext.run.<anonymous closure> (package:flutter_tools/src/base/context.dart:150:19)
<asynchronous suspension>
#10     CommandRunner.runCommand (package:args/command_runner.dart:212:13)
<asynchronous suspension>
#11     FlutterCommandRunner.runCommand.<anonymous closure> (package:flutter_tools/src/runner/flutter_command_runner.dart:348:9)
<asynchronous suspension>
#12     AppContext.run.<anonymous closure> (package:flutter_tools/src/base/context.dart:150:19)
<asynchronous suspension>
#13     FlutterCommandRunner.runCommand (package:flutter_tools/src/runner/flutter_command_runner.dart:294:5)
<asynchronous suspension>
#14     run.<anonymous closure>.<anonymous closure> (package:flutter_tools/runner.dart:112:9)
<asynchronous suspension>
#15     AppContext.run.<anonymous closure> (package:flutter_tools/src/base/context.dart:150:19)
<asynchronous suspension>
#16     main (package:flutter_tools/executable.dart:90:3)
<asynchronous suspension>
```

## flutter doctor

```
[✓] Flutter (Channel stable, 3.16.8, on macOS 14.0 23A344 darwin-arm64 (Rosetta), locale en-IN)
    • Flutter version 3.16.8 on channel stable at /Users/xitijinfo/Documents/flutter
    • Upstream repository https://github.com/flutter/flutter.git
    • Framework revision 67457e669f (4 months ago), 2024-01-16 16:22:29 -0800
    • Engine revision 6e2ea58a5c
    • Dart version 3.2.5
    • DevTools version 2.28.5

[✓] Android toolchain - develop for Android devices (Android SDK version 33.0.1)
    • Android SDK at /Users/xitijinfo/Library/Android/sdk
    • Platform android-34, build-tools 33.0.1
    • Java binary at: /Applications/Android Studio.app/Contents/jbr/Contents/Home/bin/java
    • Java version OpenJDK Runtime Environment (build 17.0.10+0-17.0.10b1087.21-11572160)
    • All Android licenses accepted.

[✓] Xcode - develop for iOS and macOS (Xcode 15.2)
    • Xcode at /Applications/Xcode.app/Contents/Developer
    • Build 15C500b
    • CocoaPods version 1.15.2

[✓] Chrome - develop for the web
    • Chrome at /Applications/Google Chrome.app/Contents/MacOS/Google Chrome

[✓] Android Studio (version 2023.3)
    • Android Studio at /Applications/Android Studio.app/Contents
    • Flutter plugin can be installed from:
      🔨 https://plugins.jetbrains.com/plugin/9212-flutter
    • Dart plugin can be installed from:
      🔨 https://plugins.jetbrains.com/plugin/6351-dart
    • Java version OpenJDK Runtime Environment (build 17.0.10+0-17.0.10b1087.21-11572160)

[✓] Connected device (4 available)
    • moto e13 (mobile)  • 192.168.29.234:5555       • android-arm64  • Android 13 (API 33)
    • iPhone XR (mobile) • 00008020-000A08E40C84003A • ios            • iOS 17.4.1 21E236
    • macOS (desktop)    • macos                     • darwin-arm64   • macOS 14.0 23A344 darwin-arm64 (Rosetta)
    • Chrome (web)       • chrome                    • web-javascript • Google Chrome 125.0.6422.60

[✓] Network resources
    • All expected network resources are available.

• No issues found!
```
